<?xml version="1.0" encoding="UTF-8"?>
<!-- Generated by org.testng.reporters.JUnitReportReporter -->
<testsuite hostname="WKWIN5154091" failures="0" tests="1" name="com.qa.test.PutUserApiTest" time="8.511" errors="0" timestamp="2019-10-07T22:08:33 IST" skipped="0">
  <testcase classname="com.qa.test.PutUserApiTest" name="updateUserApiTest" time="8.511"/>
</testsuite> <!-- com.qa.test.PutUserApiTest -->
