<?xml version="1.0" encoding="UTF-8"?>
<!-- Generated by org.testng.reporters.JUnitReportReporter -->
<testsuite hostname="WKWIN5154091" failures="0" tests="2" name="com.qa.test.OAuthTwo" time="3.214" errors="0" timestamp="2019-10-13T16:31:46 IST" skipped="0">
  <testcase classname="com.qa.test.OAuthTwo" name="OAuthTwoGetTest" time="2.133"/>
  <testcase classname="com.qa.test.OAuthTwo" name="OAuthTwoPostUnlockBarnTest" time="1.081"/>
</testsuite> <!-- com.qa.test.OAuthTwo -->
