<?xml version="1.0" encoding="UTF-8"?>
<!-- Generated by org.testng.reporters.JUnitReportReporter -->
<testsuite hostname="WKWIN5154091" failures="0" tests="2" name="com.qa.test.PostUserApiTest" time="5.635" errors="0" timestamp="2019-10-07T18:30:30 IST" skipped="0">
  <testcase classname="com.qa.test.PostUserApiTest" name="createUserApiTest" time="4.465"/>
  <testcase classname="com.qa.test.PostUserApiTest" name="createUserApiTest" time="1.170"/>
</testsuite> <!-- com.qa.test.PostUserApiTest -->
