<?xml version="1.0" encoding="UTF-8"?>
<!-- Generated by org.testng.reporters.JUnitReportReporter -->
<testsuite hostname="WKWIN5154091" failures="0" tests="2" name="com.qa.test.GetUserApiTest" time="2.923" errors="0" timestamp="2020-02-14T14:13:17 IST" skipped="0">
  <testcase classname="com.qa.test.GetUserApiTest" name="getUserApiPageCountTest" time="0.805"/>
  <testcase classname="com.qa.test.GetUserApiTest" name="getUserApiStatusCodeTest" time="2.118"/>
</testsuite> <!-- com.qa.test.GetUserApiTest -->
