<?xml version="1.0" encoding="UTF-8"?>
<!-- Generated by org.testng.reporters.JUnitReportReporter -->
<testsuite skipped="0" hostname="DESKTOP-IQPMSO7" name="com.qa.test.DeleteUserApiTest" tests="1" failures="0" timestamp="28 Feb 2020 01:11:56 GMT" time="6.773" errors="0">
  <testcase name="updateUserApiTest" time="6.773" classname="com.qa.test.DeleteUserApiTest"/>
</testsuite> <!-- com.qa.test.DeleteUserApiTest -->
