<?xml version="1.0" encoding="UTF-8"?>
<!-- Generated by org.testng.reporters.JUnitReportReporter -->
<testsuite hostname="WKWIN5154091" failures="0" tests="1" name="com.qa.test.BasiAuthHandle" time="3.379" errors="0" timestamp="2019-10-08T16:28:34 IST" skipped="0">
  <testcase classname="com.qa.test.BasiAuthHandle" name="handleBasicAuth" time="3.379"/>
</testsuite> <!-- com.qa.test.BasiAuthHandle -->
