<?xml version="1.0" encoding="UTF-8"?>
<!-- Generated by org.testng.reporters.JUnitReportReporter -->
<testsuite hostname="WKWIN5154091" failures="0" tests="1" name="com.qa.test.GetUserApiTest" time="22.033" errors="0" timestamp="2019-10-07T15:52:51 IST" skipped="0">
  <testcase classname="com.qa.test.GetUserApiTest" name="getUserApiTest" time="22.033"/>
</testsuite> <!-- com.qa.test.GetUserApiTest -->
