<?xml version="1.0" encoding="UTF-8"?>
<!-- Generated by org.testng.reporters.JUnitReportReporter -->
<testsuite hostname="WKWIN5154091" failures="0" tests="2" name="com.qa.test.OAuthTwo" time="7.839" errors="0" timestamp="2019-12-12T06:34:50 IST" skipped="0">
  <testcase classname="com.qa.test.OAuthTwo" name="OAuthTwoPostUnlockBarnTest" time="1.683"/>
  <testcase classname="com.qa.test.OAuthTwo" name="OAuthTwoGetTest" time="6.156"/>
</testsuite> <!-- com.qa.test.OAuthTwo -->
