<?xml version="1.0" encoding="UTF-8"?>
<!-- Generated by org.testng.reporters.JUnitReportReporter -->
<testsuite hostname="WKWIN5154091" failures="0" tests="2" name="com.qa.test.PostUserApiTest" time="2.647" errors="0" timestamp="2020-02-14T14:18:44 IST" skipped="0">
  <testcase classname="com.qa.test.PostUserApiTest" name="createUserApiTest" time="0.353"/>
  <testcase classname="com.qa.test.PostUserApiTest" name="createUserApiTest" time="2.294"/>
</testsuite> <!-- com.qa.test.PostUserApiTest -->
