<?xml version="1.0" encoding="UTF-8"?>
<!-- Generated by org.testng.reporters.JUnitReportReporter -->
<testsuite hostname="WKWIN5154091" failures="0" tests="1" name="com.qa.test.BasiAuthHandle" time="3.760" errors="0" timestamp="2019-12-10T22:49:26 IST" skipped="0">
  <testcase classname="com.qa.test.BasiAuthHandle" name="handleBasicAuth" time="3.760"/>
</testsuite> <!-- com.qa.test.BasiAuthHandle -->
