<?xml version="1.0" encoding="UTF-8"?>
<!-- Generated by org.testng.reporters.JUnitReportReporter -->
<testsuite skipped="0" hostname="DESKTOP-IQPMSO7" name="com.qa.test.PutUserApiTest" tests="1" failures="0" timestamp="28 Feb 2020 01:11:57 GMT" time="1.185" errors="0">
  <testcase name="updateUserApiTest" time="1.185" classname="com.qa.test.PutUserApiTest"/>
</testsuite> <!-- com.qa.test.PutUserApiTest -->
