<?xml version="1.0" encoding="UTF-8"?>
<!-- Generated by org.testng.reporters.JUnitReportReporter -->
<testsuite skipped="0" hostname="DESKTOP-IQPMSO7" name="com.qa.test.PostUserApiTest" tests="2" failures="0" timestamp="28 Feb 2020 01:11:57 GMT" time="33.607" errors="0">
  <testcase name="createUserApiTest" time="32.947" classname="com.qa.test.PostUserApiTest"/>
  <testcase name="createUserApiTest" time="0.660" classname="com.qa.test.PostUserApiTest"/>
</testsuite> <!-- com.qa.test.PostUserApiTest -->
