<?xml version="1.0" encoding="UTF-8"?>
<!-- Generated by org.testng.reporters.JUnitReportReporter -->
<testsuite hostname="WKWIN5154091" failures="0" tests="1" name="com.qa.test.PutUserApiTest" time="3.048" errors="0" timestamp="2020-02-14T14:23:37 IST" skipped="0">
  <testcase classname="com.qa.test.PutUserApiTest" name="updateUserApiTest" time="3.048"/>
</testsuite> <!-- com.qa.test.PutUserApiTest -->
