<?xml version="1.0" encoding="UTF-8"?>
<!-- Generated by org.testng.reporters.JUnitReportReporter -->
<testsuite hostname="WKWIN5154091" failures="0" tests="1" name="com.qa.test.DeleteUserApiTest" time="4.071" errors="0" timestamp="2019-10-07T22:13:21 IST" skipped="0">
  <testcase classname="com.qa.test.DeleteUserApiTest" name="updateUserApiTest" time="4.071"/>
</testsuite> <!-- com.qa.test.DeleteUserApiTest -->
